[2017-05-21 16:25:25.198] [INFO] repo - Read repository items: C:\Users\drummoer\Documents\GitHub\CTS-WAB\arcgis-web-appbuilder-2.4\WebAppBuilderForArcGIS\client\stemapp\widgets
[2017-05-21 16:25:27.912] [INFO] app - Find 5 predfinded apps.
[2017-05-21 16:25:27.928] [INFO] repo - insert HTML.About
[2017-05-21 16:25:27.928] [INFO] repo - insert HTML.AddData
[2017-05-21 16:25:27.928] [INFO] repo - insert HTML.Analysis
[2017-05-21 16:25:27.928] [INFO] repo - insert HTML.AttributeTable
[2017-05-21 16:25:27.928] [INFO] repo - insert HTML.BasemapGallery
[2017-05-21 16:25:27.943] [INFO] repo - insert HTML.BatchAttributeEditor
[2017-05-21 16:25:27.943] [INFO] repo - insert HTML.Bookmark
[2017-05-21 16:25:27.943] [INFO] repo - insert HTML.Chart
[2017-05-21 16:25:27.943] [INFO] repo - insert HTML.Coordinate
[2017-05-21 16:25:27.943] [INFO] repo - insert HTML.Directions
[2017-05-21 16:25:27.943] [INFO] repo - insert HTML.DistrictLookup
[2017-05-21 16:25:27.943] [INFO] repo - insert HTML.Draw
[2017-05-21 16:25:27.943] [INFO] repo - insert HTML.Edit
[2017-05-21 16:25:27.943] [INFO] repo - insert HTML.ElevationProfile
[2017-05-21 16:25:27.943] [INFO] repo - insert HTML.GoogleAnalytics
[2017-05-21 16:25:27.943] [INFO] repo - insert HTML.ExtentNavigate
[2017-05-21 16:25:27.943] [INFO] repo - insert HTML.Filter
[2017-05-21 16:25:27.943] [INFO] repo - insert HTML.GeoLookup
[2017-05-21 16:25:27.959] [INFO] repo - insert HTML.Geoprocessing
[2017-05-21 16:25:27.959] [INFO] repo - insert HTML.GroupFilter
[2017-05-21 16:25:27.959] [INFO] repo - insert HTML.HomeButton
[2017-05-21 16:25:27.959] [INFO] repo - insert HTML.ImageMeasurement
[2017-05-21 16:25:27.959] [INFO] repo - insert HTML.IncidentAnalysis
[2017-05-21 16:25:27.959] [INFO] repo - insert HTML.InfoSummary
[2017-05-21 16:25:27.959] [INFO] repo - insert HTML.LayerList
[2017-05-21 16:25:27.959] [INFO] repo - insert HTML.LayerToggleButton
[2017-05-21 16:25:27.974] [INFO] repo - insert HTML.Legend
[2017-05-21 16:25:27.974] [INFO] repo - insert HTML.Measurement
[2017-05-21 16:25:27.974] [INFO] repo - insert HTML.MyLocation
[2017-05-21 16:25:27.974] [INFO] repo - insert HTML.NearMe
[2017-05-21 16:25:27.974] [INFO] repo - insert HTML.ObliqueViewer
[2017-05-21 16:25:27.974] [INFO] repo - insert HTML.OverviewMap
[2017-05-21 16:25:27.974] [INFO] repo - insert HTML.PopupPanel
[2017-05-21 16:25:27.974] [INFO] repo - insert HTML.Print
[2017-05-21 16:25:27.974] [INFO] repo - insert HTML.PrintPlus
[2017-05-21 16:25:27.974] [INFO] repo - insert HTML.Query
[2017-05-21 16:25:27.974] [INFO] repo - insert HTML.RelatedTableCharts
[2017-05-21 16:25:27.974] [INFO] repo - insert HTML.ReportFeature
[2017-05-21 16:25:27.990] [INFO] repo - insert HTML.ReviewerDashboard
[2017-05-21 16:25:27.990] [INFO] repo - insert HTML.Scalebar
[2017-05-21 16:25:27.990] [INFO] repo - insert HTML.Search
[2017-05-21 16:25:27.990] [INFO] repo - insert HTML.Select
[2017-05-21 16:25:28.006] [INFO] repo - insert HTML.Share
[2017-05-21 16:25:28.006] [INFO] repo - insert HTML.SituationAwareness
[2017-05-21 16:25:28.006] [INFO] repo - insert HTML.SmartEditor
[2017-05-21 16:25:28.006] [INFO] repo - insert HTML.Splash
[2017-05-21 16:25:28.006] [INFO] repo - insert HTML.Stream
[2017-05-21 16:25:28.006] [INFO] repo - insert HTML.Summary
[2017-05-21 16:25:28.006] [INFO] repo - insert HTML.Swipe
[2017-05-21 16:25:28.006] [INFO] repo - insert HTML.TimeSlider
[2017-05-21 16:25:28.021] [INFO] repo - insert HTML.UrlButton
[2017-05-21 16:25:28.021] [INFO] repo - insert HTML.ZoomSlider
[2017-05-21 16:25:28.021] [INFO] repo - Read repository items: C:\Users\drummoer\Documents\GitHub\CTS-WAB\arcgis-web-appbuilder-2.4\WebAppBuilderForArcGIS\client\stemapp\themes
[2017-05-21 16:25:28.583] [INFO] server - No token is found, redirect /webappbuilder to /webappbuilder?action=setportalurl
[2017-05-21 16:25:28.689] [INFO] server - Set isXT = true; /webappbuilder/stemapp/env.js
[2017-05-21 16:25:28.868] [INFO] repo - insert HTML.BillboardTheme
[2017-05-21 16:25:28.871] [INFO] repo - insert HTML.BoxTheme
[2017-05-21 16:25:28.873] [INFO] repo - insert HTML.DartTheme
[2017-05-21 16:25:28.878] [INFO] repo - insert HTML.PlateauTheme
[2017-05-21 16:25:28.880] [INFO] repo - insert HTML.LaunchpadTheme
[2017-05-21 16:25:28.882] [INFO] repo - insert HTML.TabTheme
[2017-05-21 16:25:28.884] [INFO] repo - insert HTML.JewelryBoxTheme
[2017-05-21 16:25:28.896] [INFO] repo - insert HTML.FoldableTheme
[2017-05-21 16:25:28.897] [INFO] repo - Read repository items: C:\Users\drummoer\Documents\GitHub\CTS-WAB\arcgis-web-appbuilder-2.4\WebAppBuilderForArcGIS\client\stemapp3d\widgets
[2017-05-21 16:25:29.994] [INFO] repo - insert HTML3D.Environment
[2017-05-21 16:25:29.996] [INFO] repo - insert HTML3D.3DFx
[2017-05-21 16:25:29.997] [INFO] repo - insert HTML3D.About
[2017-05-21 16:25:29.999] [INFO] repo - insert HTML3D.FullScreen
[2017-05-21 16:25:30.000] [INFO] repo - insert HTML3D.Coordinate
[2017-05-21 16:25:30.003] [INFO] repo - insert HTML3D.Compass
[2017-05-21 16:25:30.005] [INFO] repo - insert HTML3D.Home
[2017-05-21 16:25:30.006] [INFO] repo - insert HTML3D.LayerList
[2017-05-21 16:25:30.008] [INFO] repo - insert HTML3D.Legend
[2017-05-21 16:25:30.010] [INFO] repo - insert HTML3D.Navigate
[2017-05-21 16:25:30.011] [INFO] repo - insert HTML3D.MyLocation
[2017-05-21 16:25:30.014] [INFO] repo - insert HTML3D.Search
[2017-05-21 16:25:30.016] [INFO] repo - insert HTML3D.Splash
[2017-05-21 16:25:30.018] [INFO] repo - insert HTML3D.Slides
[2017-05-21 16:25:30.027] [INFO] repo - insert HTML3D.ZoomSlider
[2017-05-21 16:25:30.028] [INFO] repo - Read repository items: C:\Users\drummoer\Documents\GitHub\CTS-WAB\arcgis-web-appbuilder-2.4\WebAppBuilderForArcGIS\client\stemapp3d\themes
[2017-05-21 16:25:30.539] [INFO] repo - insert HTML3D.BillboardTheme
[2017-05-21 16:25:30.540] [INFO] repo - insert HTML3D.LaunchpadTheme
[2017-05-21 16:25:30.542] [INFO] repo - insert HTML3D.JewelryBoxTheme
[2017-05-21 16:25:30.543] [INFO] repo - insert HTML3D.DartTheme
[2017-05-21 16:25:30.546] [INFO] repo - insert HTML3D.BoxTheme
[2017-05-21 16:25:30.548] [INFO] repo - insert HTML3D.FoldableTheme
[2017-05-21 16:25:30.550] [INFO] repo - insert HTML3D.TabTheme
[2017-05-21 16:26:29.511] [INFO] server - Set isXT = true; /webappbuilder/stemapp/env.js
[2017-05-21 16:26:52.358] [DEBUG] utils - copy C:\Users\drummoer\Documents\GitHub\CTS-WAB\arcgis-web-appbuilder-2.4\WebAppBuilderForArcGIS\client\stemapp\jimu.js
[2017-05-21 16:26:53.315] [DEBUG] utils - copy C:\Users\drummoer\Documents\GitHub\CTS-WAB\arcgis-web-appbuilder-2.4\WebAppBuilderForArcGIS\client\stemapp\images
[2017-05-21 16:26:53.328] [DEBUG] utils - copy C:\Users\drummoer\Documents\GitHub\CTS-WAB\arcgis-web-appbuilder-2.4\WebAppBuilderForArcGIS\client\stemapp\libs
[2017-05-21 16:26:53.374] [DEBUG] utils - copy C:\Users\drummoer\Documents\GitHub\CTS-WAB\arcgis-web-appbuilder-2.4\WebAppBuilderForArcGIS\client\stemapp\index.html
[2017-05-21 16:26:53.378] [DEBUG] utils - copy C:\Users\drummoer\Documents\GitHub\CTS-WAB\arcgis-web-appbuilder-2.4\WebAppBuilderForArcGIS\client\stemapp\env.js
[2017-05-21 16:26:53.381] [DEBUG] utils - copy C:\Users\drummoer\Documents\GitHub\CTS-WAB\arcgis-web-appbuilder-2.4\WebAppBuilderForArcGIS\client\stemapp\simpleLoader.js
[2017-05-21 16:26:53.385] [DEBUG] utils - copy C:\Users\drummoer\Documents\GitHub\CTS-WAB\arcgis-web-appbuilder-2.4\WebAppBuilderForArcGIS\client\stemapp\init.js
[2017-05-21 16:26:53.388] [DEBUG] utils - copy C:\Users\drummoer\Documents\GitHub\CTS-WAB\arcgis-web-appbuilder-2.4\WebAppBuilderForArcGIS\client\stemapp\web.config
[2017-05-21 16:26:53.393] [DEBUG] utils - copy C:\Users\drummoer\Documents\GitHub\CTS-WAB\arcgis-web-appbuilder-2.4\WebAppBuilderForArcGIS\client\stemapp\dynamic-modules
[2017-05-21 16:26:53.413] [DEBUG] utils - copy C:\Users\drummoer\Documents\GitHub\CTS-WAB\arcgis-web-appbuilder-2.4\WebAppBuilderForArcGIS\client\stemapp\readme.html
[2017-05-21 16:26:53.416] [DEBUG] utils - copy C:\Users\drummoer\Documents\GitHub\CTS-WAB\arcgis-web-appbuilder-2.4\WebAppBuilderForArcGIS\client\stemapp\config-readme.txt
[2017-05-21 16:26:53.425] [DEBUG] utils - copy C:\Users\drummoer\Documents\GitHub\CTS-WAB\arcgis-web-appbuilder-2.4\WebAppBuilderForArcGIS\client\stemapp\configs
[2017-05-21 16:26:53.435] [DEBUG] utils - copy C:\Users\drummoer\Documents\GitHub\CTS-WAB\arcgis-web-appbuilder-2.4\WebAppBuilderForArcGIS\client\stemapp\.jshintrc
[2017-05-21 16:26:53.444] [DEBUG] utils - copy C:\Users\drummoer\Documents\GitHub\CTS-WAB\arcgis-web-appbuilder-2.4\WebAppBuilderForArcGIS\client\stemapp\.jshintignore
[2017-05-21 16:26:53.447] [DEBUG] utils - copy C:\Users\drummoer\Documents\GitHub\CTS-WAB\arcgis-web-appbuilder-2.4\WebAppBuilderForArcGIS\client\stemapp\3rd-party-license.txt
[2017-05-21 16:26:53.464] [DEBUG] utils - copy C:\Users\drummoer\Documents\GitHub\CTS-WAB\arcgis-web-appbuilder-2.4\WebAppBuilderForArcGIS\client\stemapp\themes\FoldableTheme
[2017-05-21 16:26:53.809] [DEBUG] utils - copy C:\Users\drummoer\Documents\GitHub\CTS-WAB\arcgis-web-appbuilder-2.4\WebAppBuilderForArcGIS\client\stemapp\widgets\Scalebar
[2017-05-21 16:26:53.956] [DEBUG] utils - copy C:\Users\drummoer\Documents\GitHub\CTS-WAB\arcgis-web-appbuilder-2.4\WebAppBuilderForArcGIS\client\stemapp\widgets\Search
[2017-05-21 16:26:54.115] [DEBUG] utils - copy C:\Users\drummoer\Documents\GitHub\CTS-WAB\arcgis-web-appbuilder-2.4\WebAppBuilderForArcGIS\client\stemapp\widgets\Coordinate
[2017-05-21 16:26:54.310] [DEBUG] utils - copy C:\Users\drummoer\Documents\GitHub\CTS-WAB\arcgis-web-appbuilder-2.4\WebAppBuilderForArcGIS\client\stemapp\widgets\OverviewMap
[2017-05-21 16:26:54.476] [DEBUG] utils - copy C:\Users\drummoer\Documents\GitHub\CTS-WAB\arcgis-web-appbuilder-2.4\WebAppBuilderForArcGIS\client\stemapp\widgets\HomeButton
[2017-05-21 16:26:54.551] [DEBUG] utils - copy C:\Users\drummoer\Documents\GitHub\CTS-WAB\arcgis-web-appbuilder-2.4\WebAppBuilderForArcGIS\client\stemapp\widgets\MyLocation
[2017-05-21 16:26:54.705] [DEBUG] utils - copy C:\Users\drummoer\Documents\GitHub\CTS-WAB\arcgis-web-appbuilder-2.4\WebAppBuilderForArcGIS\client\stemapp\widgets\AttributeTable
[2017-05-21 16:26:54.932] [DEBUG] utils - copy C:\Users\drummoer\Documents\GitHub\CTS-WAB\arcgis-web-appbuilder-2.4\WebAppBuilderForArcGIS\client\stemapp\widgets\Splash
[2017-05-21 16:26:55.127] [DEBUG] utils - copy C:\Users\drummoer\Documents\GitHub\CTS-WAB\arcgis-web-appbuilder-2.4\WebAppBuilderForArcGIS\client\stemapp\widgets\ZoomSlider
[2017-05-21 16:26:55.199] [DEBUG] utils - copy C:\Users\drummoer\Documents\GitHub\CTS-WAB\arcgis-web-appbuilder-2.4\WebAppBuilderForArcGIS\client\stemapp\widgets\ExtentNavigate
[2017-05-21 16:26:55.334] [DEBUG] utils - copy C:\Users\drummoer\Documents\GitHub\CTS-WAB\arcgis-web-appbuilder-2.4\WebAppBuilderForArcGIS\client\stemapp\widgets\Legend
[2017-05-21 16:26:55.493] [DEBUG] utils - copy C:\Users\drummoer\Documents\GitHub\CTS-WAB\arcgis-web-appbuilder-2.4\WebAppBuilderForArcGIS\client\stemapp\widgets\LayerList
[2017-05-21 16:26:56.027] [INFO] server - Set isXT = true; /webappbuilder/apps/2/env.js
[2017-05-21 16:27:14.428] [DEBUG] utils - copy C:\Users\drummoer\Documents\GitHub\CTS-WAB\arcgis-web-appbuilder-2.4\WebAppBuilderForArcGIS\client\stemapp\widgets\GoogleAnalytics
[2017-05-21 16:27:50.394] [DEBUG] utils - copy C:\Users\drummoer\Documents\GitHub\CTS-WAB\arcgis-web-appbuilder-2.4\WebAppBuilderForArcGIS\client\stemapp\widgets\ElevationProfile
[2017-05-21 16:27:50.427] [DEBUG] utils - copy C:\Users\drummoer\Documents\GitHub\CTS-WAB\arcgis-web-appbuilder-2.4\WebAppBuilderForArcGIS\client\stemapp\widgets\LayerToggleButton
[2017-05-21 16:30:17.177] [INFO] app - App removed, id: 2
[2017-05-21 17:05:25.901] [INFO] repo - Read repository items: C:\Users\drummoer\Documents\GitHub\CTS-WAB\arcgis-web-appbuilder-2.4\WebAppBuilderForArcGIS\client\stemapp\widgets
[2017-05-21 17:05:28.309] [INFO] repo - delete HTML.ElevationProfile
[2017-05-21 17:05:28.309] [INFO] repo - delete HTML.GoogleAnalytics
[2017-05-21 17:05:28.324] [INFO] repo - delete HTML.LayerToggleButton
[2017-05-21 17:05:28.324] [INFO] repo - delete HTML.PopupPanel
[2017-05-21 17:05:28.340] [INFO] repo - delete HTML.PrintPlus
[2017-05-21 17:05:28.340] [INFO] repo - delete HTML.UrlButton
[2017-05-21 17:05:28.340] [INFO] repo - insert HTML.AnvilMapTips
[2017-05-21 17:05:28.340] [INFO] repo - Read repository items: C:\Users\drummoer\Documents\GitHub\CTS-WAB\arcgis-web-appbuilder-2.4\WebAppBuilderForArcGIS\client\stemapp\themes
[2017-05-21 17:05:28.887] [INFO] repo - Read repository items: C:\Users\drummoer\Documents\GitHub\CTS-WAB\arcgis-web-appbuilder-2.4\WebAppBuilderForArcGIS\client\stemapp3d\widgets
[2017-05-21 17:05:29.658] [INFO] server - Set isXT = true; /webappbuilder/stemapp/env.js
[2017-05-21 17:05:29.839] [INFO] repo - Read repository items: C:\Users\drummoer\Documents\GitHub\CTS-WAB\arcgis-web-appbuilder-2.4\WebAppBuilderForArcGIS\client\stemapp3d\themes
[2017-05-21 17:05:45.766] [DEBUG] utils - copy C:\Users\drummoer\Documents\GitHub\CTS-WAB\arcgis-web-appbuilder-2.4\WebAppBuilderForArcGIS\client\stemapp\jimu.js
[2017-05-21 17:05:46.531] [DEBUG] utils - copy C:\Users\drummoer\Documents\GitHub\CTS-WAB\arcgis-web-appbuilder-2.4\WebAppBuilderForArcGIS\client\stemapp\images
[2017-05-21 17:05:46.543] [DEBUG] utils - copy C:\Users\drummoer\Documents\GitHub\CTS-WAB\arcgis-web-appbuilder-2.4\WebAppBuilderForArcGIS\client\stemapp\libs
[2017-05-21 17:05:46.576] [DEBUG] utils - copy C:\Users\drummoer\Documents\GitHub\CTS-WAB\arcgis-web-appbuilder-2.4\WebAppBuilderForArcGIS\client\stemapp\index.html
[2017-05-21 17:05:46.580] [DEBUG] utils - copy C:\Users\drummoer\Documents\GitHub\CTS-WAB\arcgis-web-appbuilder-2.4\WebAppBuilderForArcGIS\client\stemapp\env.js
[2017-05-21 17:05:46.583] [DEBUG] utils - copy C:\Users\drummoer\Documents\GitHub\CTS-WAB\arcgis-web-appbuilder-2.4\WebAppBuilderForArcGIS\client\stemapp\simpleLoader.js
[2017-05-21 17:05:46.587] [DEBUG] utils - copy C:\Users\drummoer\Documents\GitHub\CTS-WAB\arcgis-web-appbuilder-2.4\WebAppBuilderForArcGIS\client\stemapp\init.js
[2017-05-21 17:05:46.590] [DEBUG] utils - copy C:\Users\drummoer\Documents\GitHub\CTS-WAB\arcgis-web-appbuilder-2.4\WebAppBuilderForArcGIS\client\stemapp\web.config
[2017-05-21 17:05:46.594] [DEBUG] utils - copy C:\Users\drummoer\Documents\GitHub\CTS-WAB\arcgis-web-appbuilder-2.4\WebAppBuilderForArcGIS\client\stemapp\dynamic-modules
[2017-05-21 17:05:46.602] [DEBUG] utils - copy C:\Users\drummoer\Documents\GitHub\CTS-WAB\arcgis-web-appbuilder-2.4\WebAppBuilderForArcGIS\client\stemapp\readme.html
[2017-05-21 17:05:46.610] [DEBUG] utils - copy C:\Users\drummoer\Documents\GitHub\CTS-WAB\arcgis-web-appbuilder-2.4\WebAppBuilderForArcGIS\client\stemapp\config-readme.txt
[2017-05-21 17:05:46.613] [DEBUG] utils - copy C:\Users\drummoer\Documents\GitHub\CTS-WAB\arcgis-web-appbuilder-2.4\WebAppBuilderForArcGIS\client\stemapp\configs
[2017-05-21 17:05:46.634] [DEBUG] utils - copy C:\Users\drummoer\Documents\GitHub\CTS-WAB\arcgis-web-appbuilder-2.4\WebAppBuilderForArcGIS\client\stemapp\.jshintrc
[2017-05-21 17:05:46.638] [DEBUG] utils - copy C:\Users\drummoer\Documents\GitHub\CTS-WAB\arcgis-web-appbuilder-2.4\WebAppBuilderForArcGIS\client\stemapp\.jshintignore
[2017-05-21 17:05:46.642] [DEBUG] utils - copy C:\Users\drummoer\Documents\GitHub\CTS-WAB\arcgis-web-appbuilder-2.4\WebAppBuilderForArcGIS\client\stemapp\3rd-party-license.txt
[2017-05-21 17:05:46.655] [DEBUG] utils - copy C:\Users\drummoer\Documents\GitHub\CTS-WAB\arcgis-web-appbuilder-2.4\WebAppBuilderForArcGIS\client\stemapp\themes\FoldableTheme
[2017-05-21 17:05:46.937] [DEBUG] utils - copy C:\Users\drummoer\Documents\GitHub\CTS-WAB\arcgis-web-appbuilder-2.4\WebAppBuilderForArcGIS\client\stemapp\widgets\AnvilMapTips
[2017-05-21 17:05:46.955] [DEBUG] utils - copy C:\Users\drummoer\Documents\GitHub\CTS-WAB\arcgis-web-appbuilder-2.4\WebAppBuilderForArcGIS\client\stemapp\widgets\Scalebar
[2017-05-21 17:05:47.088] [DEBUG] utils - copy C:\Users\drummoer\Documents\GitHub\CTS-WAB\arcgis-web-appbuilder-2.4\WebAppBuilderForArcGIS\client\stemapp\widgets\Search
[2017-05-21 17:05:47.242] [DEBUG] utils - copy C:\Users\drummoer\Documents\GitHub\CTS-WAB\arcgis-web-appbuilder-2.4\WebAppBuilderForArcGIS\client\stemapp\widgets\Coordinate
[2017-05-21 17:05:47.418] [DEBUG] utils - copy C:\Users\drummoer\Documents\GitHub\CTS-WAB\arcgis-web-appbuilder-2.4\WebAppBuilderForArcGIS\client\stemapp\widgets\OverviewMap
[2017-05-21 17:05:47.552] [DEBUG] utils - copy C:\Users\drummoer\Documents\GitHub\CTS-WAB\arcgis-web-appbuilder-2.4\WebAppBuilderForArcGIS\client\stemapp\widgets\HomeButton
[2017-05-21 17:05:47.624] [DEBUG] utils - copy C:\Users\drummoer\Documents\GitHub\CTS-WAB\arcgis-web-appbuilder-2.4\WebAppBuilderForArcGIS\client\stemapp\widgets\MyLocation
[2017-05-21 17:05:47.762] [DEBUG] utils - copy C:\Users\drummoer\Documents\GitHub\CTS-WAB\arcgis-web-appbuilder-2.4\WebAppBuilderForArcGIS\client\stemapp\widgets\AttributeTable
[2017-05-21 17:05:47.932] [DEBUG] utils - copy C:\Users\drummoer\Documents\GitHub\CTS-WAB\arcgis-web-appbuilder-2.4\WebAppBuilderForArcGIS\client\stemapp\widgets\Splash
[2017-05-21 17:05:48.108] [DEBUG] utils - copy C:\Users\drummoer\Documents\GitHub\CTS-WAB\arcgis-web-appbuilder-2.4\WebAppBuilderForArcGIS\client\stemapp\widgets\ZoomSlider
[2017-05-21 17:05:48.182] [DEBUG] utils - copy C:\Users\drummoer\Documents\GitHub\CTS-WAB\arcgis-web-appbuilder-2.4\WebAppBuilderForArcGIS\client\stemapp\widgets\ExtentNavigate
[2017-05-21 17:05:48.255] [DEBUG] utils - copy C:\Users\drummoer\Documents\GitHub\CTS-WAB\arcgis-web-appbuilder-2.4\WebAppBuilderForArcGIS\client\stemapp\widgets\Legend
[2017-05-21 17:05:48.390] [DEBUG] utils - copy C:\Users\drummoer\Documents\GitHub\CTS-WAB\arcgis-web-appbuilder-2.4\WebAppBuilderForArcGIS\client\stemapp\widgets\LayerList
[2017-05-21 17:05:48.916] [INFO] server - Set isXT = true; /webappbuilder/apps/2/env.js
[2017-05-21 17:10:38.449] [INFO] server - Set isXT = true; /webappbuilder/apps/2/env.js
